2017-06-21 14:51:30.271  INFO 9188 --- [main] c.f.support.SpringBootAdminApplication   : The following profiles are active: secure
2017-06-21 14:51:30.301  INFO 9188 --- [main] ationConfigEmbeddedWebApplicationContext : Refreshing org.springframework.boot.context.embedded.AnnotationConfigEmbeddedWebApplicationContext@4212a0c8: startup date [Wed Jun 21 14:51:30 IST 2017]; parent: org.springframework.context.annotation.AnnotationConfigApplicationContext@3270d194
2017-06-21 14:51:31.536  INFO 9188 --- [main] o.s.b.f.s.DefaultListableBeanFactory     : Overriding bean definition for bean 'counterFactory' with a different definition: replacing [Root bean: class [null]; scope=; abstract=false; lazyInit=false; autowireMode=3; dependencyCheck=0; autowireCandidate=true; primary=false; factoryBeanName=org.springframework.cloud.netflix.zuul.ZuulConfiguration$ZuulMetricsConfiguration; factoryMethodName=counterFactory; initMethodName=null; destroyMethodName=(inferred); defined in class path resource [org/springframework/cloud/netflix/zuul/ZuulConfiguration$ZuulMetricsConfiguration.class]] with [Root bean: class [null]; scope=; abstract=false; lazyInit=false; autowireMode=3; dependencyCheck=0; autowireCandidate=true; primary=false; factoryBeanName=org.springframework.cloud.netflix.zuul.ZuulConfiguration$ZuulCounterFactoryConfiguration; factoryMethodName=counterFactory; initMethodName=null; destroyMethodName=(inferred); defined in class path resource [org/springframework/cloud/netflix/zuul/ZuulConfiguration$ZuulCounterFactoryConfiguration.class]]
2017-06-21 14:51:31.969  INFO 9188 --- [main] o.s.cloud.context.scope.GenericScope     : BeanFactory id=d789eca5-f9ea-3441-8bab-7da138321975
2017-06-21 14:51:32.130  INFO 9188 --- [main] trationDelegate$BeanPostProcessorChecker : Bean 'org.springframework.cloud.netflix.metrics.MetricsInterceptorConfiguration$MetricsRestTemplateConfiguration' of type [org.springframework.cloud.netflix.metrics.MetricsInterceptorConfiguration$MetricsRestTemplateConfiguration$$EnhancerBySpringCGLIB$$de82ea30] is not eligible for getting processed by all BeanPostProcessors (for example: not eligible for auto-proxying)
2017-06-21 14:51:32.144  INFO 9188 --- [main] trationDelegate$BeanPostProcessorChecker : Bean 'org.springframework.cloud.autoconfigure.ConfigurationPropertiesRebinderAutoConfiguration' of type [org.springframework.cloud.autoconfigure.ConfigurationPropertiesRebinderAutoConfiguration$$EnhancerBySpringCGLIB$$c87046ec] is not eligible for getting processed by all BeanPostProcessors (for example: not eligible for auto-proxying)
2017-06-21 14:51:32.586  INFO 9188 --- [main] s.b.c.e.t.TomcatEmbeddedServletContainer : Tomcat initialized with port(s): 8080 (http)
2017-06-21 14:51:32.628  INFO 9188 --- [main] o.apache.catalina.core.StandardService   : Starting service Tomcat
2017-06-21 14:51:32.629  INFO 9188 --- [main] org.apache.catalina.core.StandardEngine  : Starting Servlet Engine: Apache Tomcat/8.5.11
2017-06-21 14:51:32.879  INFO 9188 --- [localhost-startStop-1] o.a.c.c.C.[Tomcat].[localhost].[/]       : Initializing Spring embedded WebApplicationContext
2017-06-21 14:51:32.880  INFO 9188 --- [localhost-startStop-1] o.s.web.context.ContextLoader            : Root WebApplicationContext: initialization completed in 2579 ms
2017-06-21 14:51:33.723  WARN 9188 --- [localhost-startStop-1] c.n.c.sources.URLConfigurationSource     : No URLs will be polled as dynamic configuration sources.
2017-06-21 14:51:33.724  INFO 9188 --- [localhost-startStop-1] c.n.c.sources.URLConfigurationSource     : To enable URLs as dynamic configuration sources, define System property archaius.configurationSource.additionalUrls or make config.properties available on classpath.
2017-06-21 14:51:33.732  INFO 9188 --- [localhost-startStop-1] c.netflix.config.DynamicPropertyFactory  : DynamicPropertyFactory is initialized with configuration sources: com.netflix.config.ConcurrentCompositeConfiguration@6d37467e
2017-06-21 14:51:34.624  INFO 9188 --- [localhost-startStop-1] o.s.b.w.servlet.FilterRegistrationBean   : Mapping filter: 'metricsFilter' to: [/*]
2017-06-21 14:51:34.625  INFO 9188 --- [localhost-startStop-1] o.s.b.w.servlet.FilterRegistrationBean   : Mapping filter: 'characterEncodingFilter' to: [/*]
2017-06-21 14:51:34.626  INFO 9188 --- [localhost-startStop-1] o.s.b.w.servlet.FilterRegistrationBean   : Mapping filter: 'hiddenHttpMethodFilter' to: [/*]
2017-06-21 14:51:34.626  INFO 9188 --- [localhost-startStop-1] o.s.b.w.servlet.FilterRegistrationBean   : Mapping filter: 'httpPutFormContentFilter' to: [/*]
2017-06-21 14:51:34.626  INFO 9188 --- [localhost-startStop-1] o.s.b.w.servlet.FilterRegistrationBean   : Mapping filter: 'requestContextFilter' to: [/*]
2017-06-21 14:51:34.628  INFO 9188 --- [localhost-startStop-1] .s.DelegatingFilterProxyRegistrationBean : Mapping filter: 'springSecurityFilterChain' to: [/*]
2017-06-21 14:51:34.628  INFO 9188 --- [localhost-startStop-1] o.s.b.w.servlet.FilterRegistrationBean   : Mapping filter: 'webRequestLoggingFilter' to: [/*]
2017-06-21 14:51:34.628  INFO 9188 --- [localhost-startStop-1] o.s.b.w.servlet.FilterRegistrationBean   : Mapping filter: 'applicationContextIdFilter' to: [/*]
2017-06-21 14:51:34.629  INFO 9188 --- [localhost-startStop-1] o.s.b.w.servlet.ServletRegistrationBean  : Mapping servlet: 'dispatcherServlet' to [/]
2017-06-21 14:51:34.631  INFO 9188 --- [localhost-startStop-1] o.s.b.w.servlet.ServletRegistrationBean  : Mapping servlet: 'zuulServlet' to [/zuul/*]
2017-06-21 14:51:34.681  INFO 9188 --- [localhost-startStop-1] o.s.c.n.zuul.ZuulFilterInitializer       : Starting filter initializer context listener
2017-06-21 14:51:35.161  INFO 9188 --- [main] o.a.c.c.C.[Tomcat].[localhost].[/]       : jolokia: No access restrictor found, access to any MBean is allowed
2017-06-21 14:51:35.926  INFO 9188 --- [main] s.w.s.m.m.a.RequestMappingHandlerAdapter : Looking for @ControllerAdvice: org.springframework.boot.context.embedded.AnnotationConfigEmbeddedWebApplicationContext@4212a0c8: startup date [Wed Jun 21 14:51:30 IST 2017]; parent: org.springframework.context.annotation.AnnotationConfigApplicationContext@3270d194
2017-06-21 14:51:36.121  INFO 9188 --- [main] s.w.s.m.m.a.RequestMappingHandlerMapping : Mapped "{[/error]}" onto public org.springframework.http.ResponseEntity<java.util.Map<java.lang.String, java.lang.Object>> org.springframework.boot.autoconfigure.web.BasicErrorController.error(javax.servlet.http.HttpServletRequest)
2017-06-21 14:51:36.125  INFO 9188 --- [main] s.w.s.m.m.a.RequestMappingHandlerMapping : Mapped "{[/error],produces=[text/html]}" onto public org.springframework.web.servlet.ModelAndView org.springframework.boot.autoconfigure.web.BasicErrorController.errorHtml(javax.servlet.http.HttpServletRequest,javax.servlet.http.HttpServletResponse)
2017-06-21 14:51:36.137  INFO 9188 --- [main] s.w.s.m.m.a.RequestMappingHandlerMapping : Mapped "{[/api/notifications/filters],methods=[POST],produces=[application/json]}" onto public org.springframework.http.ResponseEntity<?> de.codecentric.boot.admin.notify.filter.web.NotificationFilterController.addFilter(java.lang.String,java.lang.String,long)
2017-06-21 14:51:36.139  INFO 9188 --- [main] s.w.s.m.m.a.RequestMappingHandlerMapping : Mapped "{[/api/notifications/filters],methods=[GET],produces=[application/json]}" onto public java.util.Map<java.lang.String, de.codecentric.boot.admin.notify.filter.NotificationFilter> de.codecentric.boot.admin.notify.filter.web.NotificationFilterController.getFilters()
2017-06-21 14:51:36.145  INFO 9188 --- [main] s.w.s.m.m.a.RequestMappingHandlerMapping : Mapped "{[/api/notifications/filters/{id}],methods=[DELETE]}" onto public org.springframework.http.ResponseEntity<?> de.codecentric.boot.admin.notify.filter.web.NotificationFilterController.deleteFilter(java.lang.String)
2017-06-21 14:51:36.157  INFO 9188 --- [main] s.w.s.m.m.a.RequestMappingHandlerMapping : Mapped "{[/api/applications/{id}],methods=[GET]}" onto public org.springframework.http.ResponseEntity<?> de.codecentric.boot.admin.registry.web.RegistryController.get(java.lang.String)
2017-06-21 14:51:36.159  INFO 9188 --- [main] s.w.s.m.m.a.RequestMappingHandlerMapping : Mapped "{[/api/applications],methods=[POST]}" onto public org.springframework.http.ResponseEntity<de.codecentric.boot.admin.model.Application> de.codecentric.boot.admin.registry.web.RegistryController.register(de.codecentric.boot.admin.model.Application)
2017-06-21 14:51:36.160  INFO 9188 --- [main] s.w.s.m.m.a.RequestMappingHandlerMapping : Mapped "{[/api/applications/{id}],methods=[DELETE]}" onto public org.springframework.http.ResponseEntity<?> de.codecentric.boot.admin.registry.web.RegistryController.unregister(java.lang.String)
2017-06-21 14:51:36.162  INFO 9188 --- [main] s.w.s.m.m.a.RequestMappingHandlerMapping : Mapped "{[/api/applications],methods=[GET]}" onto public java.util.Collection<de.codecentric.boot.admin.model.Application> de.codecentric.boot.admin.registry.web.RegistryController.applications(java.lang.String)
2017-06-21 14:51:36.168  INFO 9188 --- [main] s.w.s.m.m.a.RequestMappingHandlerMapping : Mapped "{[/api/journal],produces=[application/json]}" onto public java.util.Collection<de.codecentric.boot.admin.event.ClientApplicationEvent> de.codecentric.boot.admin.journal.web.JournalController.getJournal()
2017-06-21 14:51:36.169  INFO 9188 --- [main] s.w.s.m.m.a.RequestMappingHandlerMapping : Mapped "{[/api/journal],produces=[text/event-stream]}" onto public org.springframework.web.servlet.mvc.method.annotation.SseEmitter de.codecentric.boot.admin.journal.web.JournalController.getJournalEvents()
2017-06-21 14:51:36.206  INFO 9188 --- [main] o.s.w.s.handler.SimpleUrlHandlerMapping  : Root mapping to handler of type [class org.springframework.web.servlet.mvc.ParameterizableViewController]
2017-06-21 14:51:36.241  WARN 9188 --- [main] o.s.w.s.r.ResourceHttpRequestHandler     : Locations list is empty. No resources will be served unless a custom ResourceResolver is configured as an alternative to PathResourceResolver.
2017-06-21 14:51:36.242  WARN 9188 --- [main] o.s.w.s.r.ResourceHttpRequestHandler     : Locations list is empty. No resources will be served unless a custom ResourceResolver is configured as an alternative to PathResourceResolver.
2017-06-21 14:51:36.244  INFO 9188 --- [main] o.s.w.s.handler.SimpleUrlHandlerMapping  : Mapped URL path [/webjars/**] onto handler of type [class org.springframework.web.servlet.resource.ResourceHttpRequestHandler]
2017-06-21 14:51:36.245  INFO 9188 --- [main] o.s.w.s.handler.SimpleUrlHandlerMapping  : Mapped URL path [/**] onto handler of type [class org.springframework.web.servlet.resource.ResourceHttpRequestHandler]
2017-06-21 14:51:36.245  INFO 9188 --- [main] o.s.w.s.handler.SimpleUrlHandlerMapping  : Mapped URL path [/all-modules.css] onto handler of type [class org.springframework.web.servlet.resource.ResourceHttpRequestHandler]
2017-06-21 14:51:36.245  INFO 9188 --- [main] o.s.w.s.handler.SimpleUrlHandlerMapping  : Mapped URL path [/all-modules.js] onto handler of type [class org.springframework.web.servlet.resource.ResourceHttpRequestHandler]
2017-06-21 14:51:36.343  INFO 9188 --- [main] o.s.w.s.handler.SimpleUrlHandlerMapping  : Mapped URL path [/**/favicon.ico] onto handler of type [class org.springframework.web.servlet.resource.ResourceHttpRequestHandler]
2017-06-21 14:51:36.702  INFO 9188 --- [main] o.s.s.c.ThreadPoolTaskScheduler          : Initializing ExecutorService  'registrationTaskScheduler'
2017-06-21 14:51:37.035  INFO 9188 --- [main] o.s.s.web.DefaultSecurityFilterChain     : Creating filter chain: OrRequestMatcher [requestMatchers=[Ant [pattern='/css/**'], Ant [pattern='/js/**'], Ant [pattern='/images/**'], Ant [pattern='/webjars/**'], Ant [pattern='/**/favicon.ico'], Ant [pattern='/error']]], []
2017-06-21 14:51:37.166  INFO 9188 --- [main] o.s.s.web.DefaultSecurityFilterChain     : Creating filter chain: org.springframework.security.web.util.matcher.AnyRequestMatcher@1, [org.springframework.security.web.context.request.async.WebAsyncManagerIntegrationFilter@6b6eae52, org.springframework.security.web.context.SecurityContextPersistenceFilter@6215366a, org.springframework.security.web.header.HeaderWriterFilter@3af58f76, org.springframework.security.web.authentication.logout.LogoutFilter@10272bbb, org.springframework.security.web.authentication.UsernamePasswordAuthenticationFilter@550e9be6, org.springframework.security.web.authentication.www.BasicAuthenticationFilter@7c20cdd0, org.springframework.security.web.savedrequest.RequestCacheAwareFilter@36e43829, org.springframework.security.web.servletapi.SecurityContextHolderAwareRequestFilter@68dd39d2, org.springframework.security.web.authentication.AnonymousAuthenticationFilter@d4df0e, org.springframework.security.web.session.SessionManagementFilter@31a2a9fa, org.springframework.security.web.access.ExceptionTranslationFilter@1984212d, org.springframework.security.web.access.intercept.FilterSecurityInterceptor@20a967fe]
2017-06-21 14:51:37.173  INFO 9188 --- [main] o.s.s.web.DefaultSecurityFilterChain     : Creating filter chain: Ant [pattern='/actuator/**'], [org.springframework.security.web.context.request.async.WebAsyncManagerIntegrationFilter@5dcd0cdf, org.springframework.security.web.context.SecurityContextPersistenceFilter@659f226a, org.springframework.security.web.header.HeaderWriterFilter@9c73fff, org.springframework.security.web.authentication.logout.LogoutFilter@36ab3814, org.springframework.security.web.authentication.www.BasicAuthenticationFilter@af7e376, org.springframework.security.web.savedrequest.RequestCacheAwareFilter@2e463f4, org.springframework.security.web.servletapi.SecurityContextHolderAwareRequestFilter@32ec9c90, org.springframework.security.web.authentication.AnonymousAuthenticationFilter@4fb04a72, org.springframework.security.web.session.SessionManagementFilter@71cea1b8, org.springframework.security.web.access.ExceptionTranslationFilter@5a97b17c, org.springframework.security.web.access.intercept.FilterSecurityInterceptor@6025d790]
2017-06-21 14:51:37.176  INFO 9188 --- [main] o.s.s.web.DefaultSecurityFilterChain     : Creating filter chain: OrRequestMatcher [requestMatchers=[Ant [pattern='/**']]], [org.springframework.security.web.context.request.async.WebAsyncManagerIntegrationFilter@fe87ddd, org.springframework.security.web.context.SecurityContextPersistenceFilter@36f7d7b, org.springframework.security.web.header.HeaderWriterFilter@889a8a8, org.springframework.security.web.authentication.logout.LogoutFilter@6361b799, org.springframework.security.web.authentication.www.BasicAuthenticationFilter@1b9d9a2b, org.springframework.security.web.savedrequest.RequestCacheAwareFilter@60aec68a, org.springframework.security.web.servletapi.SecurityContextHolderAwareRequestFilter@25a7fedf, org.springframework.security.web.authentication.AnonymousAuthenticationFilter@4eea94a4, org.springframework.security.web.session.SessionManagementFilter@f29353f, org.springframework.security.web.access.ExceptionTranslationFilter@36aab105, org.springframework.security.web.access.intercept.FilterSecurityInterceptor@ed2f2f6]
2017-06-21 14:51:38.036  INFO 9188 --- [main] o.s.b.a.e.mvc.EndpointHandlerMapping     : Mapped "{[/actuator/beans || /actuator/beans.json],methods=[GET],produces=[application/vnd.spring-boot.actuator.v1+json || application/json]}" onto public java.lang.Object org.springframework.boot.actuate.endpoint.mvc.EndpointMvcAdapter.invoke()
2017-06-21 14:51:38.038  INFO 9188 --- [main] o.s.b.a.e.mvc.EndpointHandlerMapping     : Mapped "{[/actuator/logfile || /actuator/logfile.json],methods=[GET || HEAD]}" onto public void org.springframework.boot.actuate.endpoint.mvc.LogFileMvcEndpoint.invoke(javax.servlet.http.HttpServletRequest,javax.servlet.http.HttpServletResponse) throws javax.servlet.ServletException,java.io.IOException
2017-06-21 14:51:38.039  INFO 9188 --- [main] o.s.b.a.e.mvc.EndpointHandlerMapping     : Mapped "{[/actuator/resume || /actuator/resume.json],methods=[POST]}" onto public java.lang.Object org.springframework.cloud.endpoint.GenericPostableMvcEndpoint.invoke()
2017-06-21 14:51:38.040  INFO 9188 --- [main] o.s.b.a.e.mvc.EndpointHandlerMapping     : Mapped "{[/actuator/routes || /actuator/routes.json],methods=[GET],produces=[application/vnd.spring-boot.actuator.v1+json || application/json]}" onto public java.lang.Object org.springframework.boot.actuate.endpoint.mvc.EndpointMvcAdapter.invoke()
2017-06-21 14:51:38.043  INFO 9188 --- [main] o.s.b.a.e.mvc.EndpointHandlerMapping     : Mapped "{[/actuator/auditevents || /actuator/auditevents.json],methods=[GET],produces=[application/vnd.spring-boot.actuator.v1+json || application/json]}" onto public org.springframework.http.ResponseEntity<?> org.springframework.boot.actuate.endpoint.mvc.AuditEventsMvcEndpoint.findByPrincipalAndAfterAndType(java.lang.String,java.util.Date,java.lang.String)
2017-06-21 14:51:38.046  INFO 9188 --- [main] o.s.b.a.e.mvc.EndpointHandlerMapping     : Mapped "{[/actuator/refresh || /actuator/refresh.json],methods=[POST]}" onto public java.lang.Object org.springframework.cloud.endpoint.GenericPostableMvcEndpoint.invoke()
2017-06-21 14:51:38.047  INFO 9188 --- [main] o.s.b.a.e.mvc.EndpointHandlerMapping     : Mapped "{[/actuator/info || /actuator/info.json],methods=[GET],produces=[application/vnd.spring-boot.actuator.v1+json || application/json]}" onto public java.lang.Object org.springframework.boot.actuate.endpoint.mvc.EndpointMvcAdapter.invoke()
2017-06-21 14:51:38.048  INFO 9188 --- [main] o.s.b.a.e.mvc.EndpointHandlerMapping     : Mapped "{[/actuator/metrics/{name:.*}],methods=[GET],produces=[application/vnd.spring-boot.actuator.v1+json || application/json]}" onto public java.lang.Object org.springframework.boot.actuate.endpoint.mvc.MetricsMvcEndpoint.value(java.lang.String)
2017-06-21 14:51:38.048  INFO 9188 --- [main] o.s.b.a.e.mvc.EndpointHandlerMapping     : Mapped "{[/actuator/metrics || /actuator/metrics.json],methods=[GET],produces=[application/vnd.spring-boot.actuator.v1+json || application/json]}" onto public java.lang.Object org.springframework.boot.actuate.endpoint.mvc.EndpointMvcAdapter.invoke()
2017-06-21 14:51:38.049  INFO 9188 --- [main] o.s.b.a.e.mvc.EndpointHandlerMapping     : Mapped "{[/actuator/dump || /actuator/dump.json],methods=[GET],produces=[application/vnd.spring-boot.actuator.v1+json || application/json]}" onto public java.lang.Object org.springframework.boot.actuate.endpoint.mvc.EndpointMvcAdapter.invoke()
2017-06-21 14:51:38.049  INFO 9188 --- [main] o.s.b.a.e.mvc.EndpointHandlerMapping     : Mapped "{[/actuator/env],methods=[POST]}" onto public java.lang.Object org.springframework.cloud.context.environment.EnvironmentManagerMvcEndpoint.value(java.util.Map<java.lang.String, java.lang.String>)
2017-06-21 14:51:38.050  INFO 9188 --- [main] o.s.b.a.e.mvc.EndpointHandlerMapping     : Mapped "{[/actuator/env/reset],methods=[POST]}" onto public java.util.Map<java.lang.String, java.lang.Object> org.springframework.cloud.context.environment.EnvironmentManagerMvcEndpoint.reset()
2017-06-21 14:51:38.050  INFO 9188 --- [main] o.s.b.a.e.mvc.EndpointHandlerMapping     : Mapped "{[/actuator/trace || /actuator/trace.json],methods=[GET],produces=[application/vnd.spring-boot.actuator.v1+json || application/json]}" onto public java.lang.Object org.springframework.boot.actuate.endpoint.mvc.EndpointMvcAdapter.invoke()
2017-06-21 14:51:38.052  INFO 9188 --- [main] o.s.b.a.e.mvc.EndpointHandlerMapping     : Mapped "{[/actuator/features || /actuator/features.json],methods=[GET],produces=[application/vnd.spring-boot.actuator.v1+json || application/json]}" onto public java.lang.Object org.springframework.boot.actuate.endpoint.mvc.EndpointMvcAdapter.invoke()
2017-06-21 14:51:38.053  INFO 9188 --- [main] o.s.b.a.e.mvc.EndpointHandlerMapping     : Mapped "{[/actuator/jolokia/**]}" onto public org.springframework.web.servlet.ModelAndView org.springframework.boot.actuate.endpoint.mvc.JolokiaMvcEndpoint.handle(javax.servlet.http.HttpServletRequest,javax.servlet.http.HttpServletResponse) throws java.lang.Exception
2017-06-21 14:51:38.054  INFO 9188 --- [main] o.s.b.a.e.mvc.EndpointHandlerMapping     : Mapped "{[/actuator/mappings || /actuator/mappings.json],methods=[GET],produces=[application/vnd.spring-boot.actuator.v1+json || application/json]}" onto public java.lang.Object org.springframework.boot.actuate.endpoint.mvc.EndpointMvcAdapter.invoke()
2017-06-21 14:51:38.054  INFO 9188 --- [main] o.s.b.a.e.mvc.EndpointHandlerMapping     : Mapped "{[/actuator/health || /actuator/health.json],methods=[GET],produces=[application/vnd.spring-boot.actuator.v1+json || application/json]}" onto public java.lang.Object org.springframework.boot.actuate.endpoint.mvc.HealthMvcEndpoint.invoke(javax.servlet.http.HttpServletRequest,java.security.Principal)
2017-06-21 14:51:38.055  INFO 9188 --- [main] o.s.b.a.e.mvc.EndpointHandlerMapping     : Mapped "{[/actuator/heapdump || /actuator/heapdump.json],methods=[GET],produces=[application/octet-stream]}" onto public void org.springframework.boot.actuate.endpoint.mvc.HeapdumpMvcEndpoint.invoke(boolean,javax.servlet.http.HttpServletRequest,javax.servlet.http.HttpServletResponse) throws java.io.IOException,javax.servlet.ServletException
2017-06-21 14:51:38.056  INFO 9188 --- [main] o.s.b.a.e.mvc.EndpointHandlerMapping     : Mapped "{[/actuator/archaius || /actuator/archaius.json],methods=[GET],produces=[application/vnd.spring-boot.actuator.v1+json || application/json]}" onto public java.lang.Object org.springframework.boot.actuate.endpoint.mvc.EndpointMvcAdapter.invoke()
2017-06-21 14:51:38.059  INFO 9188 --- [main] o.s.b.a.e.mvc.EndpointHandlerMapping     : Mapped "{[/actuator/loggers/{name:.*}],methods=[GET],produces=[application/vnd.spring-boot.actuator.v1+json || application/json]}" onto public java.lang.Object org.springframework.boot.actuate.endpoint.mvc.LoggersMvcEndpoint.get(java.lang.String)
2017-06-21 14:51:38.059  INFO 9188 --- [main] o.s.b.a.e.mvc.EndpointHandlerMapping     : Mapped "{[/actuator/loggers/{name:.*}],methods=[POST],consumes=[application/vnd.spring-boot.actuator.v1+json || application/json],produces=[application/vnd.spring-boot.actuator.v1+json || application/json]}" onto public java.lang.Object org.springframework.boot.actuate.endpoint.mvc.LoggersMvcEndpoint.set(java.lang.String,java.util.Map<java.lang.String, java.lang.String>)
2017-06-21 14:51:38.060  INFO 9188 --- [main] o.s.b.a.e.mvc.EndpointHandlerMapping     : Mapped "{[/actuator/loggers || /actuator/loggers.json],methods=[GET],produces=[application/vnd.spring-boot.actuator.v1+json || application/json]}" onto public java.lang.Object org.springframework.boot.actuate.endpoint.mvc.EndpointMvcAdapter.invoke()
2017-06-21 14:51:38.061  INFO 9188 --- [main] o.s.b.a.e.mvc.EndpointHandlerMapping     : Mapped "{[/actuator/env/{name:.*}],methods=[GET],produces=[application/vnd.spring-boot.actuator.v1+json || application/json]}" onto public java.lang.Object org.springframework.boot.actuate.endpoint.mvc.EnvironmentMvcEndpoint.value(java.lang.String)
2017-06-21 14:51:38.061  INFO 9188 --- [main] o.s.b.a.e.mvc.EndpointHandlerMapping     : Mapped "{[/actuator/env || /actuator/env.json],methods=[GET],produces=[application/vnd.spring-boot.actuator.v1+json || application/json]}" onto public java.lang.Object org.springframework.boot.actuate.endpoint.mvc.EndpointMvcAdapter.invoke()
2017-06-21 14:51:38.062  INFO 9188 --- [main] o.s.b.a.e.mvc.EndpointHandlerMapping     : Mapped "{[/actuator/restart || /actuator/restart.json],methods=[POST]}" onto public java.lang.Object org.springframework.cloud.context.restart.RestartMvcEndpoint.invoke()
2017-06-21 14:51:38.062  INFO 9188 --- [main] o.s.b.a.e.mvc.EndpointHandlerMapping     : Mapped "{[/actuator/pause || /actuator/pause.json],methods=[POST]}" onto public java.lang.Object org.springframework.cloud.endpoint.GenericPostableMvcEndpoint.invoke()
2017-06-21 14:51:38.063  INFO 9188 --- [main] o.s.b.a.e.mvc.EndpointHandlerMapping     : Mapped "{[/actuator/autoconfig || /actuator/autoconfig.json],methods=[GET],produces=[application/vnd.spring-boot.actuator.v1+json || application/json]}" onto public java.lang.Object org.springframework.boot.actuate.endpoint.mvc.EndpointMvcAdapter.invoke()
2017-06-21 14:51:38.064  INFO 9188 --- [main] o.s.b.a.e.mvc.EndpointHandlerMapping     : Mapped "{[/actuator/configprops || /actuator/configprops.json],methods=[GET],produces=[application/vnd.spring-boot.actuator.v1+json || application/json]}" onto public java.lang.Object org.springframework.boot.actuate.endpoint.mvc.EndpointMvcAdapter.invoke()
2017-06-21 14:51:38.158  WARN 9188 --- [main] c.n.c.sources.URLConfigurationSource     : No URLs will be polled as dynamic configuration sources.
2017-06-21 14:51:38.158  INFO 9188 --- [main] c.n.c.sources.URLConfigurationSource     : To enable URLs as dynamic configuration sources, define System property archaius.configurationSource.additionalUrls or make config.properties available on classpath.
2017-06-21 14:51:38.216  INFO 9188 --- [main] d.c.boot.admin.web.PrefixHandlerMapping  : Mapped "{[/api/notifications/filters],methods=[POST],produces=[application/json]}" onto public org.springframework.http.ResponseEntity<?> de.codecentric.boot.admin.notify.filter.web.NotificationFilterController.addFilter(java.lang.String,java.lang.String,long)
2017-06-21 14:51:38.216  INFO 9188 --- [main] d.c.boot.admin.web.PrefixHandlerMapping  : Mapped "{[/api/notifications/filters],methods=[GET],produces=[application/json]}" onto public java.util.Map<java.lang.String, de.codecentric.boot.admin.notify.filter.NotificationFilter> de.codecentric.boot.admin.notify.filter.web.NotificationFilterController.getFilters()
2017-06-21 14:51:38.217  INFO 9188 --- [main] d.c.boot.admin.web.PrefixHandlerMapping  : Mapped "{[/api/notifications/filters/{id}],methods=[DELETE]}" onto public org.springframework.http.ResponseEntity<?> de.codecentric.boot.admin.notify.filter.web.NotificationFilterController.deleteFilter(java.lang.String)
2017-06-21 14:51:38.484  INFO 9188 --- [main] o.s.s.c.ThreadPoolTaskScheduler          : Initializing ExecutorService  'updateTaskScheduler'
2017-06-21 14:51:38.522  INFO 9188 --- [main] d.c.boot.admin.web.PrefixHandlerMapping  : Mapped "{[/api/notifications/filters],methods=[POST],produces=[application/json]}" onto public org.springframework.http.ResponseEntity<?> de.codecentric.boot.admin.notify.filter.web.NotificationFilterController.addFilter(java.lang.String,java.lang.String,long)
2017-06-21 14:51:38.522  INFO 9188 --- [main] d.c.boot.admin.web.PrefixHandlerMapping  : Mapped "{[/api/notifications/filters],methods=[GET],produces=[application/json]}" onto public java.util.Map<java.lang.String, de.codecentric.boot.admin.notify.filter.NotificationFilter> de.codecentric.boot.admin.notify.filter.web.NotificationFilterController.getFilters()
2017-06-21 14:51:38.522  INFO 9188 --- [main] d.c.boot.admin.web.PrefixHandlerMapping  : Mapped "{[/api/notifications/filters/{id}],methods=[DELETE]}" onto public org.springframework.http.ResponseEntity<?> de.codecentric.boot.admin.notify.filter.web.NotificationFilterController.deleteFilter(java.lang.String)
2017-06-21 14:51:38.523  INFO 9188 --- [main] d.c.boot.admin.web.PrefixHandlerMapping  : Mapped "{[/api/applications/{id}],methods=[GET]}" onto public org.springframework.http.ResponseEntity<?> de.codecentric.boot.admin.registry.web.RegistryController.get(java.lang.String)
2017-06-21 14:51:38.524  INFO 9188 --- [main] d.c.boot.admin.web.PrefixHandlerMapping  : Mapped "{[/api/applications],methods=[POST]}" onto public org.springframework.http.ResponseEntity<de.codecentric.boot.admin.model.Application> de.codecentric.boot.admin.registry.web.RegistryController.register(de.codecentric.boot.admin.model.Application)
2017-06-21 14:51:38.524  INFO 9188 --- [main] d.c.boot.admin.web.PrefixHandlerMapping  : Mapped "{[/api/applications/{id}],methods=[DELETE]}" onto public org.springframework.http.ResponseEntity<?> de.codecentric.boot.admin.registry.web.RegistryController.unregister(java.lang.String)
2017-06-21 14:51:38.524  INFO 9188 --- [main] d.c.boot.admin.web.PrefixHandlerMapping  : Mapped "{[/api/applications],methods=[GET]}" onto public java.util.Collection<de.codecentric.boot.admin.model.Application> de.codecentric.boot.admin.registry.web.RegistryController.applications(java.lang.String)
2017-06-21 14:51:38.525  INFO 9188 --- [main] d.c.boot.admin.web.PrefixHandlerMapping  : Mapped "{[/api/journal],produces=[application/json]}" onto public java.util.Collection<de.codecentric.boot.admin.event.ClientApplicationEvent> de.codecentric.boot.admin.journal.web.JournalController.getJournal()
2017-06-21 14:51:38.525  INFO 9188 --- [main] d.c.boot.admin.web.PrefixHandlerMapping  : Mapped "{[/api/journal],produces=[text/event-stream]}" onto public org.springframework.web.servlet.mvc.method.annotation.SseEmitter de.codecentric.boot.admin.journal.web.JournalController.getJournalEvents()
2017-06-21 14:51:38.734  INFO 9188 --- [main] o.s.j.e.a.AnnotationMBeanExporter        : Registering beans for JMX exposure on startup
2017-06-21 14:51:38.749  INFO 9188 --- [main] o.s.j.e.a.AnnotationMBeanExporter        : Bean with name 'configurationPropertiesRebinder' has been autodetected for JMX exposure
2017-06-21 14:51:38.750  INFO 9188 --- [main] o.s.j.e.a.AnnotationMBeanExporter        : Bean with name 'refreshEndpoint' has been autodetected for JMX exposure
2017-06-21 14:51:38.751  INFO 9188 --- [main] o.s.j.e.a.AnnotationMBeanExporter        : Bean with name 'restartEndpoint' has been autodetected for JMX exposure
2017-06-21 14:51:38.753  INFO 9188 --- [main] o.s.j.e.a.AnnotationMBeanExporter        : Bean with name 'environmentManager' has been autodetected for JMX exposure
2017-06-21 14:51:38.754  INFO 9188 --- [main] o.s.j.e.a.AnnotationMBeanExporter        : Bean with name 'zuulEndpoint' has been autodetected for JMX exposure
2017-06-21 14:51:38.755  INFO 9188 --- [main] o.s.j.e.a.AnnotationMBeanExporter        : Bean with name 'refreshScope' has been autodetected for JMX exposure
2017-06-21 14:51:38.758  INFO 9188 --- [main] o.s.j.e.a.AnnotationMBeanExporter        : Located managed bean 'environmentManager': registering with JMX server as MBean [org.springframework.cloud.context.environment:name=environmentManager,type=EnvironmentManager]
2017-06-21 14:51:38.799  INFO 9188 --- [main] o.s.j.e.a.AnnotationMBeanExporter        : Located managed bean 'restartEndpoint': registering with JMX server as MBean [org.springframework.cloud.context.restart:name=restartEndpoint,type=RestartEndpoint]
2017-06-21 14:51:38.813  INFO 9188 --- [main] o.s.j.e.a.AnnotationMBeanExporter        : Located managed bean 'refreshScope': registering with JMX server as MBean [org.springframework.cloud.context.scope.refresh:name=refreshScope,type=RefreshScope]
2017-06-21 14:51:38.829  INFO 9188 --- [main] o.s.j.e.a.AnnotationMBeanExporter        : Located managed bean 'zuulEndpoint': registering with JMX server as MBean [org.springframework.cloud.netflix.zuul:name=zuulEndpoint,type=RoutesEndpoint]
2017-06-21 14:51:38.832  WARN 9188 --- [main] o.s.j.e.a.AnnotationMBeanExporter        : Bean with key 'zuulEndpoint' has been registered as an MBean but has no exposed attributes or operations
2017-06-21 14:51:38.834  INFO 9188 --- [main] o.s.j.e.a.AnnotationMBeanExporter        : Located managed bean 'configurationPropertiesRebinder': registering with JMX server as MBean [org.springframework.cloud.context.properties:name=configurationPropertiesRebinder,context=4212a0c8,type=ConfigurationPropertiesRebinder]
2017-06-21 14:51:38.841  INFO 9188 --- [main] o.s.j.e.a.AnnotationMBeanExporter        : Located managed bean 'refreshEndpoint': registering with JMX server as MBean [org.springframework.cloud.endpoint:name=refreshEndpoint,type=RefreshEndpoint]
2017-06-21 14:51:39.070  INFO 9188 --- [main] o.a.c.c.C.[Tomcat].[localhost].[/]       : jolokia: No access restrictor found, access to any MBean is allowed
2017-06-21 14:51:39.076  INFO 9188 --- [main] o.a.c.c.C.[Tomcat].[localhost].[/]       : jolokia: jolokia:type=Config is already registered. Adding it with jolokia:type=Config,uuid=1f027ba3-a19f-4939-b847-b421aa575603, but you should revise your setup in order to either use a qualifier or ensure, that only a single agent gets registered (otherwise history functionality might not work)
2017-06-21 14:51:39.077  INFO 9188 --- [main] o.a.c.c.C.[Tomcat].[localhost].[/]       : jolokia: Cannot register (legacy) MBean handler for config store with name jmx4perl:type=Config since it already exists. This is the case if another agent has been already started within the same JVM. The registration is skipped.
2017-06-21 14:51:39.077  INFO 9188 --- [main] o.a.c.c.C.[Tomcat].[localhost].[/]       : jolokia: Jolokia Discovery MBean registration is skipped because there is already one registered.
2017-06-21 14:51:39.127  INFO 9188 --- [main] o.s.c.support.DefaultLifecycleProcessor  : Starting beans in phase 0
2017-06-21 14:51:39.209  INFO 9188 --- [main] s.a.ScheduledAnnotationBeanPostProcessor : More than one TaskScheduler bean exists within the context, and none is named 'taskScheduler'. Mark one of them as primary or name it 'taskScheduler' (possibly as an alias); or implement the SchedulingConfigurer interface and call ScheduledTaskRegistrar#setScheduler explicitly within the configureTasks() callback: [registrationTaskScheduler, updateTaskScheduler]
2017-06-21 14:51:39.319  INFO 9188 --- [main] s.b.c.e.t.TomcatEmbeddedServletContainer : Tomcat started on port(s): 8080 (http)
2017-06-21 14:51:39.328  INFO 9188 --- [main] c.f.support.SpringBootAdminApplication   : Started SpringBootAdminApplication in 12.177 seconds (JVM running for 43.53)
2017-06-21 14:51:39.534  INFO 9188 --- [http-nio-8080-exec-1] o.a.c.c.C.[Tomcat].[localhost].[/]       : Initializing Spring FrameworkServlet 'dispatcherServlet'
2017-06-21 14:51:39.534  INFO 9188 --- [http-nio-8080-exec-1] o.s.web.servlet.DispatcherServlet        : FrameworkServlet 'dispatcherServlet': initialization started
2017-06-21 14:51:39.566  INFO 9188 --- [http-nio-8080-exec-1] o.s.web.servlet.DispatcherServlet        : FrameworkServlet 'dispatcherServlet': initialization completed in 32 ms
2017-06-21 14:51:39.644  WARN 9188 --- [http-nio-8080-exec-1] o.s.c.n.zuul.web.ZuulHandlerMapping      : No routes found from RouteLocator
2017-06-21 14:51:39.712  INFO 9188 --- [http-nio-8080-exec-1] d.c.b.a.registry.ApplicationRegistry     : New Application Application [id=bea2f45e, name=@pom.artifactId@, managementUrl=http://BLR-P7111009.NESSINBLR.COM:8080/actuator, healthUrl=http://BLR-P7111009.NESSINBLR.COM:8080/actuator/health, serviceUrl=http://BLR-P7111009.NESSINBLR.COM:8080] registered 
2017-06-21 14:51:39.841  INFO 9188 --- [registrationTask1] d.c.b.a.c.r.ApplicationRegistrator       : Application registered itself as {id=bea2f45e, name=@pom.artifactId@, managementUrl=http://BLR-P7111009.NESSINBLR.COM:8080/actuator, healthUrl=http://BLR-P7111009.NESSINBLR.COM:8080/actuator/health, serviceUrl=http://BLR-P7111009.NESSINBLR.COM:8080, statusInfo={status=UNKNOWN, timestamp=1498036899709, details={}}, source=http-api, metadata={user.name=user, user.password=******}, info={}}
2017-06-21 14:51:39.894  INFO 9188 --- [http-nio-8080-exec-2] o.s.c.n.zuul.web.ZuulHandlerMapping      : Mapped URL path [/api/applications/bea2f45e/health/**] onto handler of type [class de.codecentric.boot.admin.zuul.OptionsDispatchingZuulController]
2017-06-21 14:51:39.894  INFO 9188 --- [http-nio-8080-exec-2] o.s.c.n.zuul.web.ZuulHandlerMapping      : Mapped URL path [/api/applications/bea2f45e/env/**] onto handler of type [class de.codecentric.boot.admin.zuul.OptionsDispatchingZuulController]
2017-06-21 14:51:39.894  INFO 9188 --- [http-nio-8080-exec-2] o.s.c.n.zuul.web.ZuulHandlerMapping      : Mapped URL path [/api/applications/bea2f45e/metrics/**] onto handler of type [class de.codecentric.boot.admin.zuul.OptionsDispatchingZuulController]
2017-06-21 14:51:39.895  INFO 9188 --- [http-nio-8080-exec-2] o.s.c.n.zuul.web.ZuulHandlerMapping      : Mapped URL path [/api/applications/bea2f45e/trace/**] onto handler of type [class de.codecentric.boot.admin.zuul.OptionsDispatchingZuulController]
2017-06-21 14:51:39.895  INFO 9188 --- [http-nio-8080-exec-2] o.s.c.n.zuul.web.ZuulHandlerMapping      : Mapped URL path [/api/applications/bea2f45e/dump/**] onto handler of type [class de.codecentric.boot.admin.zuul.OptionsDispatchingZuulController]
2017-06-21 14:51:39.895  INFO 9188 --- [http-nio-8080-exec-2] o.s.c.n.zuul.web.ZuulHandlerMapping      : Mapped URL path [/api/applications/bea2f45e/jolokia/**] onto handler of type [class de.codecentric.boot.admin.zuul.OptionsDispatchingZuulController]
2017-06-21 14:51:39.895  INFO 9188 --- [http-nio-8080-exec-2] o.s.c.n.zuul.web.ZuulHandlerMapping      : Mapped URL path [/api/applications/bea2f45e/info/**] onto handler of type [class de.codecentric.boot.admin.zuul.OptionsDispatchingZuulController]
2017-06-21 14:51:39.895  INFO 9188 --- [http-nio-8080-exec-2] o.s.c.n.zuul.web.ZuulHandlerMapping      : Mapped URL path [/api/applications/bea2f45e/logfile/**] onto handler of type [class de.codecentric.boot.admin.zuul.OptionsDispatchingZuulController]
2017-06-21 14:51:39.895  INFO 9188 --- [http-nio-8080-exec-2] o.s.c.n.zuul.web.ZuulHandlerMapping      : Mapped URL path [/api/applications/bea2f45e/refresh/**] onto handler of type [class de.codecentric.boot.admin.zuul.OptionsDispatchingZuulController]
2017-06-21 14:51:39.895  INFO 9188 --- [http-nio-8080-exec-2] o.s.c.n.zuul.web.ZuulHandlerMapping      : Mapped URL path [/api/applications/bea2f45e/flyway/**] onto handler of type [class de.codecentric.boot.admin.zuul.OptionsDispatchingZuulController]
2017-06-21 14:51:39.895  INFO 9188 --- [http-nio-8080-exec-2] o.s.c.n.zuul.web.ZuulHandlerMapping      : Mapped URL path [/api/applications/bea2f45e/liquibase/**] onto handler of type [class de.codecentric.boot.admin.zuul.OptionsDispatchingZuulController]
2017-06-21 14:51:39.896  INFO 9188 --- [http-nio-8080-exec-2] o.s.c.n.zuul.web.ZuulHandlerMapping      : Mapped URL path [/api/applications/bea2f45e/heapdump/**] onto handler of type [class de.codecentric.boot.admin.zuul.OptionsDispatchingZuulController]
2017-06-21 14:51:39.896  INFO 9188 --- [http-nio-8080-exec-2] o.s.c.n.zuul.web.ZuulHandlerMapping      : Mapped URL path [/api/applications/bea2f45e/loggers/**] onto handler of type [class de.codecentric.boot.admin.zuul.OptionsDispatchingZuulController]
2017-06-21 14:51:39.896  INFO 9188 --- [http-nio-8080-exec-2] o.s.c.n.zuul.web.ZuulHandlerMapping      : Mapped URL path [/api/applications/bea2f45e/auditevents/**] onto handler of type [class de.codecentric.boot.admin.zuul.OptionsDispatchingZuulController]
2017-06-21 14:52:54.336  WARN 9188 --- [http-nio-8080-exec-6] o.s.web.servlet.PageNotFound             : Request method 'HEAD' not supported
2017-06-21 15:00:40.484  WARN 9188 --- [http-nio-8080-exec-3] o.s.web.servlet.PageNotFound             : Request method 'HEAD' not supported
